<?xml version="1.0" encoding="UTF-8"?>
<!-- Generated by org.testng.reporters.JUnitReportReporter -->
<testsuite skipped="0" hostname="Veera" name="comtest.Testng730" tests="1" failures="0" timestamp="24 Apr 2021 05:41:25 GMT" time="1.291" errors="0">
  <testcase name="test1" time="1.291" classname="comtest.Testng730"/>
</testsuite> <!-- comtest.Testng730 -->
